Started GET "/" for 127.0.0.1 at 2021-09-01 20:30:56 -0300
  [1m[35m (10.0ms)[0m  [1m[34mSELECT sqlite_version(*)[0m
Processing by Rails::WelcomeController#index as HTML
  Rendering /var/lib/gems/2.7.0/gems/railties-6.1.4.1/lib/rails/templates/rails/welcome/index.html.erb
  Rendered /var/lib/gems/2.7.0/gems/railties-6.1.4.1/lib/rails/templates/rails/welcome/index.html.erb (Duration: 6.7ms | Allocations: 444)
Completed 200 OK in 25ms (Views: 14.6ms | ActiveRecord: 0.0ms | Allocations: 3631)


Started GET "/" for 127.0.0.1 at 2021-09-02 12:06:06 -0300
  [1m[35m (7.1ms)[0m  [1m[34mSELECT sqlite_version(*)[0m
Processing by Rails::WelcomeController#index as HTML
  Rendering /home/lucatero/.rvm/gems/ruby-2.7.0/gems/railties-6.1.4.1/lib/rails/templates/rails/welcome/index.html.erb
  Rendered /home/lucatero/.rvm/gems/ruby-2.7.0/gems/railties-6.1.4.1/lib/rails/templates/rails/welcome/index.html.erb (Duration: 17.8ms | Allocations: 445)
Completed 200 OK in 99ms (Views: 32.1ms | ActiveRecord: 0.0ms | Allocations: 3631)


Started GET "/articles" for ::1 at 2021-09-02 18:07:58 -0300
  [1m[35m (1.2ms)[0m  [1m[34mSELECT sqlite_version(*)[0m
Processing by ArticlesController#index as HTML
  Rendering layout layouts/application.html.erb
  Rendering articles/index.html.erb within layouts/application
  Rendered articles/index.html.erb within layouts/application (Duration: 22.0ms | Allocations: 228)
[Webpacker] Everything's up-to-date. Nothing to do
  Rendered layout layouts/application.html.erb (Duration: 126.0ms | Allocations: 5847)
Completed 200 OK in 245ms (Views: 130.4ms | ActiveRecord: 0.0ms | Allocations: 8439)


Started GET "/articles" for ::1 at 2021-09-02 18:08:45 -0300
Processing by ArticlesController#index as HTML
  Rendering layout layouts/application.html.erb
  Rendering articles/index.html.erb within layouts/application
  Rendered articles/index.html.erb within layouts/application (Duration: 0.4ms | Allocations: 112)
[Webpacker] Everything's up-to-date. Nothing to do
  Rendered layout layouts/application.html.erb (Duration: 126.3ms | Allocations: 3843)
Completed 200 OK in 130ms (Views: 128.4ms | ActiveRecord: 0.0ms | Allocations: 4929)


Started GET "/articles" for ::1 at 2021-09-02 18:08:53 -0300
Processing by ArticlesController#index as HTML
  Rendering layout layouts/application.html.erb
  Rendering articles/index.html.erb within layouts/application
  Rendered articles/index.html.erb within layouts/application (Duration: 0.2ms | Allocations: 40)
[Webpacker] Everything's up-to-date. Nothing to do
  Rendered layout layouts/application.html.erb (Duration: 18.6ms | Allocations: 3600)
Completed 200 OK in 20ms (Views: 19.3ms | ActiveRecord: 0.0ms | Allocations: 3981)


Started GET "/articles" for ::1 at 2021-09-02 18:09:03 -0300
Processing by ArticlesController#index as HTML
  Rendering layout layouts/application.html.erb
  Rendering articles/index.html.erb within layouts/application
  Rendered articles/index.html.erb within layouts/application (Duration: 0.4ms | Allocations: 114)
[Webpacker] Everything's up-to-date. Nothing to do
  Rendered layout layouts/application.html.erb (Duration: 8.3ms | Allocations: 3843)
Completed 200 OK in 11ms (Views: 10.2ms | ActiveRecord: 0.0ms | Allocations: 4928)


Started GET "/articles" for ::1 at 2021-09-02 18:10:37 -0300
Processing by ArticlesController#index as HTML
  Rendering layout layouts/application.html.erb
  Rendering articles/index.html.erb within layouts/application
  Rendered articles/index.html.erb within layouts/application (Duration: 0.4ms | Allocations: 113)
[Webpacker] Everything's up-to-date. Nothing to do
  Rendered layout layouts/application.html.erb (Duration: 295.1ms | Allocations: 3844)
Completed 200 OK in 298ms (Views: 296.7ms | ActiveRecord: 0.0ms | Allocations: 4928)


Started GET "/articles" for ::1 at 2021-09-02 18:10:40 -0300
Processing by ArticlesController#index as HTML
  Rendering layout layouts/application.html.erb
  Rendering articles/index.html.erb within layouts/application
  Rendered articles/index.html.erb within layouts/application (Duration: 0.1ms | Allocations: 40)
[Webpacker] Everything's up-to-date. Nothing to do
  Rendered layout layouts/application.html.erb (Duration: 28.4ms | Allocations: 3595)
Completed 200 OK in 30ms (Views: 29.0ms | ActiveRecord: 0.0ms | Allocations: 3970)


Started GET "/articles" for ::1 at 2021-09-02 18:10:41 -0300
Processing by ArticlesController#index as HTML
  Rendering layout layouts/application.html.erb
  Rendering articles/index.html.erb within layouts/application
  Rendered articles/index.html.erb within layouts/application (Duration: 0.1ms | Allocations: 40)
[Webpacker] Everything's up-to-date. Nothing to do
  Rendered layout layouts/application.html.erb (Duration: 7.7ms | Allocations: 3595)
Completed 200 OK in 9ms (Views: 8.2ms | ActiveRecord: 0.0ms | Allocations: 3969)


Started GET "/articles" for ::1 at 2021-09-02 18:10:41 -0300
Processing by ArticlesController#index as HTML
  Rendering layout layouts/application.html.erb
  Rendering articles/index.html.erb within layouts/application
  Rendered articles/index.html.erb within layouts/application (Duration: 0.1ms | Allocations: 40)
[Webpacker] Everything's up-to-date. Nothing to do
  Rendered layout layouts/application.html.erb (Duration: 6.8ms | Allocations: 3595)
Completed 200 OK in 8ms (Views: 7.3ms | ActiveRecord: 0.0ms | Allocations: 3969)


Started GET "/articles" for 127.0.0.1 at 2021-09-02 18:10:42 -0300
Processing by ArticlesController#index as HTML
  Rendering layout layouts/application.html.erb
  Rendering articles/index.html.erb within layouts/application
  Rendered articles/index.html.erb within layouts/application (Duration: 0.1ms | Allocations: 40)
[Webpacker] Everything's up-to-date. Nothing to do
  Rendered layout layouts/application.html.erb (Duration: 7.2ms | Allocations: 3597)
Completed 200 OK in 8ms (Views: 7.7ms | ActiveRecord: 0.0ms | Allocations: 3976)


Started GET "/articles" for 127.0.0.1 at 2021-09-02 18:10:53 -0300
Processing by ArticlesController#index as HTML
  Rendering layout layouts/application.html.erb
  Rendering articles/index.html.erb within layouts/application
  Rendered articles/index.html.erb within layouts/application (Duration: 0.5ms | Allocations: 114)
[Webpacker] Everything's up-to-date. Nothing to do
  Rendered layout layouts/application.html.erb (Duration: 49.2ms | Allocations: 3847)
Completed 200 OK in 117ms (Views: 115.7ms | ActiveRecord: 0.0ms | Allocations: 4933)


Started GET "/articles" for 127.0.0.1 at 2021-09-02 18:11:01 -0300
Processing by ArticlesController#index as HTML
  Rendering layout layouts/application.html.erb
  Rendering articles/index.html.erb within layouts/application
  Rendered articles/index.html.erb within layouts/application (Duration: 0.1ms | Allocations: 40)
[Webpacker] Everything's up-to-date. Nothing to do
  Rendered layout layouts/application.html.erb (Duration: 9.0ms | Allocations: 3605)
Completed 200 OK in 10ms (Views: 9.5ms | ActiveRecord: 0.0ms | Allocations: 3982)


Started GET "/articles" for 127.0.0.1 at 2021-09-02 18:11:48 -0300
Processing by ArticlesController#index as HTML
  Rendering layout layouts/application.html.erb
  Rendering articles/index.html.erb within layouts/application
  Rendered articles/index.html.erb within layouts/application (Duration: 0.4ms | Allocations: 115)
[Webpacker] Everything's up-to-date. Nothing to do
  Rendered layout layouts/application.html.erb (Duration: 192.9ms | Allocations: 3845)
Completed 200 OK in 252ms (Views: 251.3ms | ActiveRecord: 0.0ms | Allocations: 4933)


Started GET "/articles" for 127.0.0.1 at 2021-09-02 18:15:33 -0300
Processing by ArticlesController#index as HTML
  Rendering layout layouts/application.html.erb
  Rendering articles/index.html.erb within layouts/application
  Rendered articles/index.html.erb within layouts/application (Duration: 0.1ms | Allocations: 40)
Started GET "/" for 127.0.0.1 at 2021-09-02 18:15:37 -0300
[Webpacker] Everything's up-to-date. Nothing to do
  Rendered layout layouts/application.html.erb (Duration: 8222.3ms | Allocations: 6426)
Completed 200 OK in 8224ms (Views: 8223.0ms | Allocations: 6921)


Started GET "/articles" for 127.0.0.1 at 2021-09-02 18:15:45 -0300
Processing by ArticlesController#index as HTML
  Rendering layout layouts/application.html.erb
  Rendering articles/index.html.erb within layouts/application
  Rendered articles/index.html.erb within layouts/application (Duration: 0.1ms | Allocations: 40)
Processing by ArticlesController#index as HTML
  Rendering layout layouts/application.html.erb
  Rendering articles/index.html.erb within layouts/application
  Rendered articles/index.html.erb within layouts/application (Duration: 0.5ms | Allocations: 182)
[Webpacker] Everything's up-to-date. Nothing to do
[Webpacker] Everything's up-to-date. Nothing to do
  Rendered layout layouts/application.html.erb (Duration: 11.5ms | Allocations: 6736)
  Rendered layout layouts/application.html.erb (Duration: 13.4ms | Allocations: 7588)
Completed 200 OK in 15ms (Views: 14.2ms | Allocations: 8082)


Completed 200 OK in 13ms (Views: 12.4ms | Allocations: 7443)


Started GET "/articles" for 127.0.0.1 at 2021-09-02 18:15:51 -0300
Processing by ArticlesController#index as HTML
  Rendering layout layouts/application.html.erb
  Rendering articles/index.html.erb within layouts/application
  Rendered articles/index.html.erb within layouts/application (Duration: 0.1ms | Allocations: 40)
[Webpacker] Everything's up-to-date. Nothing to do
  Rendered layout layouts/application.html.erb (Duration: 27.6ms | Allocations: 3596)
Completed 200 OK in 29ms (Views: 28.5ms | Allocations: 3970)


Started GET "/articles" for 127.0.0.1 at 2021-09-02 18:15:53 -0300
Processing by ArticlesController#index as HTML
  Rendering layout layouts/application.html.erb
  Rendering articles/index.html.erb within layouts/application
  Rendered articles/index.html.erb within layouts/application (Duration: 0.1ms | Allocations: 40)
[Webpacker] Everything's up-to-date. Nothing to do
  Rendered layout layouts/application.html.erb (Duration: 8.9ms | Allocations: 3609)
Completed 200 OK in 10ms (Views: 9.5ms | Allocations: 3985)


Started GET "/articles" for 127.0.0.1 at 2021-09-02 18:15:54 -0300
Processing by ArticlesController#index as HTML
  Rendering layout layouts/application.html.erb
  Rendering articles/index.html.erb within layouts/application
  Rendered articles/index.html.erb within layouts/application (Duration: 0.1ms | Allocations: 40)
[Webpacker] Everything's up-to-date. Nothing to do
  Rendered layout layouts/application.html.erb (Duration: 7.2ms | Allocations: 3601)
Completed 200 OK in 8ms (Views: 7.7ms | Allocations: 3977)


